2024-12-23T11:12:12.854Z [32minfo[39m: Log Ma'lumotlar
2024-12-23T11:12:12.856Z [31merror[39m: Error Ma'lumotlar
2024-12-23T11:12:12.856Z [33mwarn[39m: Warn Ma'lumotlar
2024-12-23T11:12:12.856Z [32minfo[39m: Info Ma'lumotlar
2024-12-23T11:13:02.366Z info: Log Ma'lumotlar
2024-12-23T11:13:02.374Z error: Error Ma'lumotlar
2024-12-23T11:13:02.374Z warn: Warn Ma'lumotlar
2024-12-23T11:13:02.374Z info: Info Ma'lumotlar
2024-12-23T11:14:23.218Z info: Log Ma'lumotlar
2024-12-23T11:14:23.220Z error: Error Ma'lumotlar
2024-12-23T11:14:23.220Z warn: Warn Ma'lumotlar
2024-12-23T11:14:23.221Z info: Info Ma'lumotlar
2024-12-23T11:14:23.712Z info: Log Ma'lumotlar
2024-12-23T11:14:23.713Z error: Error Ma'lumotlar
2024-12-23T11:14:23.713Z warn: Warn Ma'lumotlar
2024-12-23T11:14:23.714Z info: Info Ma'lumotlar
2024-12-23T11:14:24.398Z info: Log Ma'lumotlar
2024-12-23T11:14:24.400Z error: Error Ma'lumotlar
2024-12-23T11:14:24.400Z warn: Warn Ma'lumotlar
2024-12-23T11:14:24.400Z info: Info Ma'lumotlar
2024-12-23T11:15:00.893Z info: Log Ma'lumotlar
2024-12-23T11:15:00.895Z error: Error Ma'lumotlar
2024-12-23T11:15:00.895Z warn: Warn Ma'lumotlar
2024-12-23T11:15:00.895Z info: Info Ma'lumotlar
2024-12-23T11:15:03.679Z info: Log Ma'lumotlar
2024-12-23T11:15:03.683Z error: Error Ma'lumotlar
2024-12-23T11:15:03.683Z warn: Warn Ma'lumotlar
2024-12-23T11:15:03.683Z info: Info Ma'lumotlar
2024-12-23T11:15:09.136Z info: Log Ma'lumotlar
2024-12-23T11:15:09.138Z error: Error Ma'lumotlar
2024-12-23T11:15:09.138Z warn: Warn Ma'lumotlar
2024-12-23T11:15:09.138Z info: Info Ma'lumotlar
2024-12-23T11:15:10.457Z info: Log Ma'lumotlar
2024-12-23T11:15:10.459Z error: Error Ma'lumotlar
2024-12-23T11:15:10.459Z warn: Warn Ma'lumotlar
2024-12-23T11:15:10.459Z info: Info Ma'lumotlar
2024-12-23T11:16:29.343Z info: Log Ma'lumotlar
2024-12-23T11:16:29.358Z error: Error Ma'lumotlar
2024-12-23T11:16:29.358Z warn: Warn Ma'lumotlar
2024-12-23T11:16:29.358Z info: Info Ma'lumotlar
2024-12-23T11:16:30.279Z info: Log Ma'lumotlar
2024-12-23T11:16:30.285Z error: Error Ma'lumotlar
2024-12-23T11:16:30.286Z warn: Warn Ma'lumotlar
2024-12-23T11:16:30.286Z info: Info Ma'lumotlar
2024-12-23T11:16:33.412Z info: Log Ma'lumotlar
2024-12-23T11:16:33.414Z error: Error Ma'lumotlar
2024-12-23T11:16:33.415Z warn: Warn Ma'lumotlar
2024-12-23T11:16:33.415Z info: Info Ma'lumotlar
2024-12-23T11:16:34.397Z info: Log Ma'lumotlar
2024-12-23T11:16:34.399Z error: Error Ma'lumotlar
2024-12-23T11:16:34.399Z warn: Warn Ma'lumotlar
2024-12-23T11:16:34.400Z info: Info Ma'lumotlar
2024-12-23T11:16:39.452Z info: Log Ma'lumotlar
2024-12-23T11:16:39.455Z error: Error Ma'lumotlar
2024-12-23T11:16:39.455Z warn: Warn Ma'lumotlar
2024-12-23T11:16:39.455Z info: Info Ma'lumotlar
2024-12-23T11:16:42.191Z info: Log Ma'lumotlar
2024-12-23T11:16:42.194Z error: Error Ma'lumotlar
2024-12-23T11:16:42.194Z warn: Warn Ma'lumotlar
2024-12-23T11:16:42.194Z info: Info Ma'lumotlar
2024-12-23T11:16:44.204Z info: Log Ma'lumotlar
2024-12-23T11:16:44.206Z error: Error Ma'lumotlar
2024-12-23T11:16:44.206Z warn: Warn Ma'lumotlar
2024-12-23T11:16:44.206Z info: Info Ma'lumotlar
2024-12-23T11:16:47.000Z error: Expected ',' or '}' after property value in JSON at position 36 (line 3 column 5)
2024-12-23T11:18:22.478Z info: Log Ma'lumotlar
2024-12-23T11:18:22.486Z error: Error Ma'lumotlar
2024-12-23T11:18:22.486Z warn: Warn Ma'lumotlar
2024-12-23T11:18:22.486Z info: Info Ma'lumotlar
2024-12-23T11:18:34.245Z info: Log Ma'lumotlar
2024-12-23T11:18:34.248Z error: Error Ma'lumotlar
2024-12-23T11:18:34.248Z warn: Warn Ma'lumotlar
2024-12-23T11:18:34.248Z info: Info Ma'lumotlar
2024-12-23T11:19:44.540Z info: Log Ma'lumotlar
2024-12-23T11:19:44.543Z error: Error Ma'lumotlar
2024-12-23T11:19:44.543Z warn: Warn Ma'lumotlar
2024-12-23T11:19:44.543Z info: Info Ma'lumotlar
2024-12-23T11:19:46.357Z info: Log Ma'lumotlar
2024-12-23T11:19:46.359Z error: Error Ma'lumotlar
2024-12-23T11:19:46.359Z warn: Warn Ma'lumotlar
2024-12-23T11:19:46.359Z info: Info Ma'lumotlar
2024-12-23T11:19:52.492Z info: Log Ma'lumotlar
2024-12-23T11:19:52.494Z error: Error Ma'lumotlar
2024-12-23T11:19:52.494Z warn: Warn Ma'lumotlar
2024-12-23T11:19:52.494Z info: Info Ma'lumotlar
2024-12-23T11:19:54.363Z info: Log Ma'lumotlar
2024-12-23T11:19:54.365Z error: Error Ma'lumotlar
2024-12-23T11:19:54.365Z warn: Warn Ma'lumotlar
2024-12-23T11:19:54.365Z info: Info Ma'lumotlar
2024-12-23T11:20:14.232Z info: Log Ma'lumotlar
2024-12-23T11:20:14.233Z error: Error Ma'lumotlar
2024-12-23T11:20:14.234Z warn: Warn Ma'lumotlar
2024-12-23T11:20:14.234Z info: Info Ma'lumotlar
2024-12-23T11:20:19.152Z info: Log Ma'lumotlar
2024-12-23T11:20:19.154Z error: Error Ma'lumotlar
2024-12-23T11:20:19.154Z warn: Warn Ma'lumotlar
2024-12-23T11:20:19.155Z info: Info Ma'lumotlar
2024-12-23T11:20:24.152Z info: Log Ma'lumotlar
2024-12-23T11:20:24.155Z error: Error Ma'lumotlar
2024-12-23T11:20:24.155Z warn: Warn Ma'lumotlar
2024-12-23T11:20:24.155Z info: Info Ma'lumotlar
2024-12-23T11:21:19.037Z info: Log Ma'lumotlar
2024-12-23T11:21:19.038Z error: Error Ma'lumotlar
2024-12-23T11:21:19.039Z warn: Warn Ma'lumotlar
2024-12-23T11:21:19.039Z info: Info Ma'lumotlar
2024-12-23T11:21:27.655Z error: unhandledRejection: unhandledRejection example
Error: unhandledRejection example
    at /Users/goit/najot/fullstack/FULL15/nodejs/ITINFO/controllers/author.controller.js:93:14
    at new Promise (<anonymous>)
    at loginAuthor (/Users/goit/najot/fullstack/FULL15/nodejs/ITINFO/controllers/author.controller.js:92:5)
    at process.processTicksAndRejections (node:internal/process/task_queues:95:5)
2024-12-23T11:31:45.450Z info: Log Ma'lumotlar
2024-12-23T11:31:45.453Z error: Error Ma'lumotlar
2024-12-23T11:31:45.453Z warn: Warn Ma'lumotlar
2024-12-23T11:31:45.453Z info: Info Ma'lumotlar
2024-12-23T11:33:09.956Z info: Log Ma'lumotlar
2024-12-23T11:33:09.960Z error: Error Ma'lumotlar
2024-12-23T11:33:09.961Z warn: Warn Ma'lumotlar
2024-12-23T11:33:09.961Z info: Info Ma'lumotlar
2024-12-23T11:36:16.432Z info: Log Ma'lumotlar
2024-12-23T11:36:16.434Z error: Error Ma'lumotlar
2024-12-23T11:36:16.434Z warn: Warn Ma'lumotlar
2024-12-23T11:36:16.435Z info: Info Ma'lumotlar
2024-12-23T11:36:35.825Z info: Log Ma'lumotlar
2024-12-23T11:36:35.829Z error: Error Ma'lumotlar
2024-12-23T11:36:35.830Z warn: Warn Ma'lumotlar
2024-12-23T11:36:35.830Z info: Info Ma'lumotlar
2024-12-23T11:43:40.607Z info: Log Ma'lumotlar
2024-12-23T11:43:40.608Z error: Error Ma'lumotlar
2024-12-23T11:43:40.609Z warn: Warn Ma'lumotlar
2024-12-23T11:43:40.609Z info: Info Ma'lumotlar
2024-12-23T11:43:59.803Z info: Log Ma'lumotlar
2024-12-23T11:43:59.808Z error: Error Ma'lumotlar
2024-12-23T11:43:59.808Z warn: Warn Ma'lumotlar
2024-12-23T11:43:59.808Z info: Info Ma'lumotlar
2024-12-23T11:44:29.608Z info: Log Ma'lumotlar
2024-12-23T11:44:29.610Z error: Error Ma'lumotlar
2024-12-23T11:44:29.611Z warn: Warn Ma'lumotlar
2024-12-23T11:44:29.611Z info: Info Ma'lumotlar
2024-12-23T11:47:40.833Z info: Log Ma'lumotlar
2024-12-23T11:47:40.836Z error: Error Ma'lumotlar
2024-12-23T11:47:40.837Z warn: Warn Ma'lumotlar
2024-12-23T11:47:40.837Z info: Info Ma'lumotlar
2024-12-23T11:47:44.492Z info: Log Ma'lumotlar
2024-12-23T11:47:44.495Z error: Error Ma'lumotlar
2024-12-23T11:47:44.495Z warn: Warn Ma'lumotlar
2024-12-23T11:47:44.495Z info: Info Ma'lumotlar
2024-12-23T11:47:52.731Z error: Expected ',' or '}' after property value in JSON at position 36 (line 3 column 5)
2024-12-24T08:53:48.979Z info: Log Ma'lumotlar
2024-12-24T08:53:48.980Z error: Error Ma'lumotlar
2024-12-24T08:53:48.980Z warn: Warn Ma'lumotlar
2024-12-24T08:53:48.980Z info: Info Ma'lumotlar
2024-12-24T08:54:12.496Z info: Log Ma'lumotlar
2024-12-24T08:54:12.497Z error: Error Ma'lumotlar
2024-12-24T08:54:12.497Z warn: Warn Ma'lumotlar
2024-12-24T08:54:12.497Z info: Info Ma'lumotlar
